# JRE version: Java(TM) SE Runtime Environment (22.0.1+8) (build 22.0.1+8-16)
# Java VM: Java HotSpot(TM) 64-Bit Server VM (22.0.1+8-16, mixed mode, sharing, tiered, compressed oops, compressed class ptrs, g1 gc, windows-amd64)
GC Precious Log:
 CardTable entry size: 512
 Card Set container configuration: InlinePtr #cards 5 size 8 Array Of Cards #cards 12 size 40 Howl #buckets 4 coarsen threshold 1843 Howl Bitmap #cards 512 size 80 coarsen threshold 460 Card regions per heap region 1 cards per card region 2048
 CPUs: 8 total, 8 available
 Memory: 7948M
 Large Page Support: Disabled
 NUMA Support: Disabled
 Compressed Oops: Enabled (32-bit)
 Heap Region Size: 1M
 Heap Min Capacity: 8M
 Heap Initial Capacity: 126M
 Heap Max Capacity: 1988M
 Pre-touch: Disabled
 Parallel Workers: 8
 Concurrent Workers: 2
 Concurrent Refinement Workers: 8
 Periodic GC: Disabled
Heap:
 garbage-first heap   total reserved 2035712K, committed 56320K, used 39152K [0x0000000083c00000, 0x0000000100000000)
  region size 1024K, 7 young (7168K), 2 survivors (2048K)
 Metaspace       used 57460K, committed 58304K, reserved 1114112K
  class space    used 7790K, committed 8128K, reserved 1048576K
GC Heap History (20 events):
Event: 22.455 GC heap before
{Heap before GC invocations=13 (full 0):
 garbage-first heap   total reserved 2035712K, committed 54272K, used 46882K [0x0000000083c00000, 0x0000000100000000)
  region size 1024K, 26 young (26624K), 3 survivors (3072K)
 Metaspace       used 37807K, committed 38400K, reserved 1114112K
  class space    used 5028K, committed 5248K, reserved 1048576K
}
Event: 22.466 GC heap after
{Heap after GC invocations=14 (full 0):
 garbage-first heap   total reserved 2035712K, committed 54272K, used 24089K [0x0000000083c00000, 0x0000000100000000)
  region size 1024K, 2 young (2048K), 2 survivors (2048K)
 Metaspace       used 37807K, committed 38400K, reserved 1114112K
  class space    used 5028K, committed 5248K, reserved 1048576K
}
Event: 27.498 GC heap before
{Heap before GC invocations=14 (full 0):
 garbage-first heap   total reserved 2035712K, committed 54272K, used 46617K [0x0000000083c00000, 0x0000000100000000)
  region size 1024K, 25 young (25600K), 2 survivors (2048K)
 Metaspace       used 39330K, committed 40000K, reserved 1114112K
  class space    used 5250K, committed 5568K, reserved 1048576K
}
Event: 27.525 GC heap after
{Heap after GC invocations=15 (full 0):
 garbage-first heap   total reserved 2035712K, committed 54272K, used 24298K [0x0000000083c00000, 0x0000000100000000)
  region size 1024K, 3 young (3072K), 3 survivors (3072K)
 Metaspace       used 39330K, committed 40000K, reserved 1114112K
  class space    used 5250K, committed 5568K, reserved 1048576K
}
Event: 30.733 GC heap before
{Heap before GC invocations=15 (full 0):
 garbage-first heap   total reserved 2035712K, committed 54272K, used 45802K [0x0000000083c00000, 0x0000000100000000)
  region size 1024K, 25 young (25600K), 3 survivors (3072K)
 Metaspace       used 39474K, committed 40128K, reserved 1114112K
  class space    used 5270K, committed 5568K, reserved 1048576K
}
Event: 30.751 GC heap after
{Heap after GC invocations=16 (full 0):
 garbage-first heap   total reserved 2035712K, committed 54272K, used 24709K [0x0000000083c00000, 0x0000000100000000)
  region size 1024K, 3 young (3072K), 3 survivors (3072K)
 Metaspace       used 39474K, committed 40128K, reserved 1114112K
  class space    used 5270K, committed 5568K, reserved 1048576K
}
Event: 34.037 GC heap before
{Heap before GC invocations=16 (full 0):
 garbage-first heap   total reserved 2035712K, committed 54272K, used 46213K [0x0000000083c00000, 0x0000000100000000)
  region size 1024K, 24 young (24576K), 3 survivors (3072K)
 Metaspace       used 40663K, committed 41344K, reserved 1114112K
  class space    used 5450K, committed 5760K, reserved 1048576K
}
Event: 34.059 GC heap after
{Heap after GC invocations=17 (full 0):
 garbage-first heap   total reserved 2035712K, committed 54272K, used 25667K [0x0000000083c00000, 0x0000000100000000)
  region size 1024K, 3 young (3072K), 3 survivors (3072K)
 Metaspace       used 40663K, committed 41344K, reserved 1114112K
  class space    used 5450K, committed 5760K, reserved 1048576K
}
Event: 37.167 GC heap before
{Heap before GC invocations=17 (full 0):
 garbage-first heap   total reserved 2035712K, committed 54272K, used 46147K [0x0000000083c00000, 0x0000000100000000)
  region size 1024K, 23 young (23552K), 3 survivors (3072K)
 Metaspace       used 42455K, committed 43136K, reserved 1114112K
  class space    used 5741K, committed 6016K, reserved 1048576K
}
Event: 37.189 GC heap after
{Heap after GC invocations=18 (full 0):
 garbage-first heap   total reserved 2035712K, committed 54272K, used 26687K [0x0000000083c00000, 0x0000000100000000)
  region size 1024K, 3 young (3072K), 3 survivors (3072K)
 Metaspace       used 42455K, committed 43136K, reserved 1114112K
  class space    used 5741K, committed 6016K, reserved 1048576K
}
Event: 40.755 GC heap before
{Heap before GC invocations=18 (full 0):
 garbage-first heap   total reserved 2035712K, committed 54272K, used 45119K [0x0000000083c00000, 0x0000000100000000)
  region size 1024K, 22 young (22528K), 3 survivors (3072K)
 Metaspace       used 45022K, committed 45824K, reserved 1114112K
  class space    used 6125K, committed 6464K, reserved 1048576K
}
Event: 40.779 GC heap after
{Heap after GC invocations=19 (full 0):
 garbage-first heap   total reserved 2035712K, committed 54272K, used 27919K [0x0000000083c00000, 0x0000000100000000)
  region size 1024K, 3 young (3072K), 3 survivors (3072K)
 Metaspace       used 45022K, committed 45824K, reserved 1114112K
  class space    used 6125K, committed 6464K, reserved 1048576K
}
Event: 42.938 GC heap before
{Heap before GC invocations=20 (full 0):
 garbage-first heap   total reserved 2035712K, committed 54272K, used 45327K [0x0000000083c00000, 0x0000000100000000)
  region size 1024K, 21 young (21504K), 3 survivors (3072K)
 Metaspace       used 47454K, committed 48192K, reserved 1114112K
  class space    used 6404K, committed 6720K, reserved 1048576K
}
Event: 42.965 GC heap after
{Heap after GC invocations=21 (full 0):
 garbage-first heap   total reserved 2035712K, committed 54272K, used 30073K [0x0000000083c00000, 0x0000000100000000)
  region size 1024K, 3 young (3072K), 3 survivors (3072K)
 Metaspace       used 47454K, committed 48192K, reserved 1114112K
  class space    used 6404K, committed 6720K, reserved 1048576K
}
Event: 44.842 GC heap before
{Heap before GC invocations=21 (full 0):
 garbage-first heap   total reserved 2035712K, committed 54272K, used 45433K [0x0000000083c00000, 0x0000000100000000)
  region size 1024K, 19 young (19456K), 3 survivors (3072K)
 Metaspace       used 51355K, committed 52160K, reserved 1114112K
  class space    used 6966K, committed 7296K, reserved 1048576K
}
Event: 44.870 GC heap after
{Heap after GC invocations=22 (full 0):
 garbage-first heap   total reserved 2035712K, committed 54272K, used 31295K [0x0000000083c00000, 0x0000000100000000)
  region size 1024K, 2 young (2048K), 2 survivors (2048K)
 Metaspace       used 51355K, committed 52160K, reserved 1114112K
  class space    used 6966K, committed 7296K, reserved 1048576K
}
Event: 55.642 GC heap before
{Heap before GC invocations=22 (full 0):
 garbage-first heap   total reserved 2035712K, committed 54272K, used 46655K [0x0000000083c00000, 0x0000000100000000)
  region size 1024K, 18 young (18432K), 2 survivors (2048K)
 Metaspace       used 55299K, committed 56128K, reserved 1114112K
  class space    used 7534K, committed 7936K, reserved 1048576K
}
Event: 55.654 GC heap after
{Heap after GC invocations=23 (full 0):
 garbage-first heap   total reserved 2035712K, committed 54272K, used 33293K [0x0000000083c00000, 0x0000000100000000)
  region size 1024K, 3 young (3072K), 3 survivors (3072K)
 Metaspace       used 55299K, committed 56128K, reserved 1114112K
  class space    used 7534K, committed 7936K, reserved 1048576K
}
Event: 541.313 GC heap before
{Heap before GC invocations=24 (full 0):
 garbage-first heap   total reserved 2035712K, committed 56320K, used 46605K [0x0000000083c00000, 0x0000000100000000)
  region size 1024K, 16 young (16384K), 3 survivors (3072K)
 Metaspace       used 57341K, committed 58176K, reserved 1114112K
  class space    used 7790K, committed 8128K, reserved 1048576K
}
Event: 541.450 GC heap after
{Heap after GC invocations=25 (full 0):
 garbage-first heap   total reserved 2035712K, committed 56320K, used 35056K [0x0000000083c00000, 0x0000000100000000)
  region size 1024K, 2 young (2048K), 2 survivors (2048K)
 Metaspace       used 57341K, committed 58176K, reserved 1114112K
  class space    used 7790K, committed 8128K, reserved 1048576K
}

