# JRE version: OpenJDK Runtime Environment Temurin-21.0.7+6 (21.0.7+6) (build 21.0.7+6-LTS)
# Java VM: OpenJDK 64-Bit Server VM Temurin-21.0.7+6 (21.0.7+6-LTS, mixed mode, sharing, tiered, compressed oops, compressed class ptrs, parallel gc, windows-amd64)
GC Precious Log:
 CardTable entry size: 512
 CPUs: 8 total, 8 available
 Memory: 7948M
 Large Page Support: Disabled
 NUMA Support: Disabled
 Compressed Oops: Enabled (32-bit)
 Alignments: Space 512K, Generation 512K, Heap 2M
 Heap Min Capacity: 100M
 Heap Initial Capacity: 100M
 Heap Max Capacity: 2G
 Pre-touch: Disabled
 Parallel Workers: 8
Heap:
 PSYoungGen      total 3072K, used 2944K [0x00000000d5580000, 0x00000000d5900000, 0x0000000100000000)
  eden space 2560K, 100% used [0x00000000d5580000,0x00000000d5800000,0x00000000d5800000)
  from space 512K, 75% used [0x00000000d5880000,0x00000000d58e0000,0x00000000d5900000)
  to   space 512K, 6% used [0x00000000d5800000,0x00000000d5810000,0x00000000d5880000)
 ParOldGen       total 415744K, used 415618K [0x0000000080000000, 0x0000000099600000, 0x00000000d5580000)
  object space 415744K, 99% used [0x0000000080000000,0x00000000995e2ab0,0x0000000099600000)
 Metaspace       used 58789K, committed 60288K, reserved 1114112K
  class space    used 6161K, committed 6848K, reserved 1048576K
GC Heap History (20 events):
Event: 83.695 GC heap before
{Heap before GC invocations=469 (full 3):
 PSYoungGen      total 2048K, used 1904K [0x00000000d5580000, 0x00000000d5880000, 0x0000000100000000)
  eden space 1536K, 100% used [0x00000000d5580000,0x00000000d5700000,0x00000000d5700000)
  from space 512K, 71% used [0x00000000d5700000,0x00000000d575c010,0x00000000d5780000)
  to   space 512K, 0% used [0x00000000d5800000,0x00000000d5800000,0x00000000d5880000)
 ParOldGen       total 412672K, used 412529K [0x0000000080000000, 0x0000000099300000, 0x00000000d5580000)
  object space 412672K, 99% used [0x0000000080000000,0x00000000992dc498,0x0000000099300000)
 Metaspace       used 58789K, committed 60288K, reserved 1114112K
  class space    used 6161K, committed 6848K, reserved 1048576K
}
Event: 83.698 GC heap after
{Heap after GC invocations=469 (full 3):
 PSYoungGen      total 2048K, used 364K [0x00000000d5580000, 0x00000000d5880000, 0x0000000100000000)
  eden space 1536K, 0% used [0x00000000d5580000,0x00000000d5580000,0x00000000d5700000)
  from space 512K, 71% used [0x00000000d5800000,0x00000000d585b008,0x00000000d5880000)
  to   space 512K, 0% used [0x00000000d5700000,0x00000000d5700000,0x00000000d5780000)
 ParOldGen       total 413184K, used 412761K [0x0000000080000000, 0x0000000099380000, 0x00000000d5580000)
  object space 413184K, 99% used [0x0000000080000000,0x0000000099316498,0x0000000099380000)
 Metaspace       used 58789K, committed 60288K, reserved 1114112K
  class space    used 6161K, committed 6848K, reserved 1048576K
}
Event: 83.883 GC heap before
{Heap before GC invocations=470 (full 3):
 PSYoungGen      total 2048K, used 1891K [0x00000000d5580000, 0x00000000d5880000, 0x0000000100000000)
  eden space 1536K, 99% used [0x00000000d5580000,0x00000000d56fdeb8,0x00000000d5700000)
  from space 512K, 71% used [0x00000000d5800000,0x00000000d585b008,0x00000000d5880000)
  to   space 512K, 0% used [0x00000000d5700000,0x00000000d5700000,0x00000000d5780000)
 ParOldGen       total 413184K, used 412761K [0x0000000080000000, 0x0000000099380000, 0x00000000d5580000)
  object space 413184K, 99% used [0x0000000080000000,0x0000000099316498,0x0000000099380000)
 Metaspace       used 58789K, committed 60288K, reserved 1114112K
  class space    used 6161K, committed 6848K, reserved 1048576K
}
Event: 83.886 GC heap after
{Heap after GC invocations=470 (full 3):
 PSYoungGen      total 2048K, used 288K [0x00000000d5580000, 0x00000000d5880000, 0x0000000100000000)
  eden space 1536K, 0% used [0x00000000d5580000,0x00000000d5580000,0x00000000d5700000)
  from space 512K, 56% used [0x00000000d5700000,0x00000000d5748000,0x00000000d5780000)
  to   space 512K, 0% used [0x00000000d5800000,0x00000000d5800000,0x00000000d5880000)
 ParOldGen       total 413184K, used 413069K [0x0000000080000000, 0x0000000099380000, 0x00000000d5580000)
  object space 413184K, 99% used [0x0000000080000000,0x00000000993634a0,0x0000000099380000)
 Metaspace       used 58789K, committed 60288K, reserved 1114112K
  class space    used 6161K, committed 6848K, reserved 1048576K
}
Event: 83.940 GC heap before
{Heap before GC invocations=471 (full 3):
 PSYoungGen      total 2048K, used 1824K [0x00000000d5580000, 0x00000000d5880000, 0x0000000100000000)
  eden space 1536K, 100% used [0x00000000d5580000,0x00000000d5700000,0x00000000d5700000)
  from space 512K, 56% used [0x00000000d5700000,0x00000000d5748000,0x00000000d5780000)
  to   space 512K, 0% used [0x00000000d5800000,0x00000000d5800000,0x00000000d5880000)
 ParOldGen       total 413184K, used 413069K [0x0000000080000000, 0x0000000099380000, 0x00000000d5580000)
  object space 413184K, 99% used [0x0000000080000000,0x00000000993634a0,0x0000000099380000)
 Metaspace       used 58789K, committed 60288K, reserved 1114112K
  class space    used 6161K, committed 6848K, reserved 1048576K
}
Event: 83.943 GC heap after
{Heap after GC invocations=471 (full 3):
 PSYoungGen      total 2048K, used 256K [0x00000000d5580000, 0x00000000d5880000, 0x0000000100000000)
  eden space 1536K, 0% used [0x00000000d5580000,0x00000000d5580000,0x00000000d5700000)
  from space 512K, 50% used [0x00000000d5800000,0x00000000d5840000,0x00000000d5880000)
  to   space 512K, 0% used [0x00000000d5700000,0x00000000d5700000,0x00000000d5780000)
 ParOldGen       total 413696K, used 413277K [0x0000000080000000, 0x0000000099400000, 0x00000000d5580000)
  object space 413696K, 99% used [0x0000000080000000,0x00000000993974a0,0x0000000099400000)
 Metaspace       used 58789K, committed 60288K, reserved 1114112K
  class space    used 6161K, committed 6848K, reserved 1048576K
}
Event: 83.994 GC heap before
{Heap before GC invocations=472 (full 3):
 PSYoungGen      total 2048K, used 1792K [0x00000000d5580000, 0x00000000d5880000, 0x0000000100000000)
  eden space 1536K, 100% used [0x00000000d5580000,0x00000000d5700000,0x00000000d5700000)
  from space 512K, 50% used [0x00000000d5800000,0x00000000d5840000,0x00000000d5880000)
  to   space 512K, 0% used [0x00000000d5700000,0x00000000d5700000,0x00000000d5780000)
 ParOldGen       total 413696K, used 413277K [0x0000000080000000, 0x0000000099400000, 0x00000000d5580000)
  object space 413696K, 99% used [0x0000000080000000,0x00000000993974a0,0x0000000099400000)
 Metaspace       used 58789K, committed 60288K, reserved 1114112K
  class space    used 6161K, committed 6848K, reserved 1048576K
}
Event: 83.998 GC heap after
{Heap after GC invocations=472 (full 3):
 PSYoungGen      total 2048K, used 320K [0x00000000d5580000, 0x00000000d5880000, 0x0000000100000000)
  eden space 1536K, 0% used [0x00000000d5580000,0x00000000d5580000,0x00000000d5700000)
  from space 512K, 62% used [0x00000000d5700000,0x00000000d5750000,0x00000000d5780000)
  to   space 512K, 0% used [0x00000000d5800000,0x00000000d5800000,0x00000000d5880000)
 ParOldGen       total 413696K, used 413485K [0x0000000080000000, 0x0000000099400000, 0x00000000d5580000)
  object space 413696K, 99% used [0x0000000080000000,0x00000000993cb4a0,0x0000000099400000)
 Metaspace       used 58789K, committed 60288K, reserved 1114112K
  class space    used 6161K, committed 6848K, reserved 1048576K
}
Event: 84.048 GC heap before
{Heap before GC invocations=473 (full 3):
 PSYoungGen      total 2048K, used 1856K [0x00000000d5580000, 0x00000000d5880000, 0x0000000100000000)
  eden space 1536K, 100% used [0x00000000d5580000,0x00000000d5700000,0x00000000d5700000)
  from space 512K, 62% used [0x00000000d5700000,0x00000000d5750000,0x00000000d5780000)
  to   space 512K, 0% used [0x00000000d5800000,0x00000000d5800000,0x00000000d5880000)
 ParOldGen       total 413696K, used 413485K [0x0000000080000000, 0x0000000099400000, 0x00000000d5580000)
  object space 413696K, 99% used [0x0000000080000000,0x00000000993cb4a0,0x0000000099400000)
 Metaspace       used 58789K, committed 60288K, reserved 1114112K
  class space    used 6161K, committed 6848K, reserved 1048576K
}
Event: 84.050 GC heap after
{Heap after GC invocations=473 (full 3):
 PSYoungGen      total 2048K, used 320K [0x00000000d5580000, 0x00000000d5880000, 0x0000000100000000)
  eden space 1536K, 0% used [0x00000000d5580000,0x00000000d5580000,0x00000000d5700000)
  from space 512K, 62% used [0x00000000d5800000,0x00000000d5850000,0x00000000d5880000)
  to   space 512K, 0% used [0x00000000d5700000,0x00000000d5700000,0x00000000d5780000)
 ParOldGen       total 413696K, used 413693K [0x0000000080000000, 0x0000000099400000, 0x00000000d5580000)
  object space 413696K, 99% used [0x0000000080000000,0x00000000993ff4a0,0x0000000099400000)
 Metaspace       used 58789K, committed 60288K, reserved 1114112K
  class space    used 6161K, committed 6848K, reserved 1048576K
}
Event: 84.100 GC heap before
{Heap before GC invocations=474 (full 3):
 PSYoungGen      total 2048K, used 1856K [0x00000000d5580000, 0x00000000d5880000, 0x0000000100000000)
  eden space 1536K, 100% used [0x00000000d5580000,0x00000000d5700000,0x00000000d5700000)
  from space 512K, 62% used [0x00000000d5800000,0x00000000d5850000,0x00000000d5880000)
  to   space 512K, 0% used [0x00000000d5700000,0x00000000d5700000,0x00000000d5780000)
 ParOldGen       total 413696K, used 413693K [0x0000000080000000, 0x0000000099400000, 0x00000000d5580000)
  object space 413696K, 99% used [0x0000000080000000,0x00000000993ff4a0,0x0000000099400000)
 Metaspace       used 58789K, committed 60288K, reserved 1114112K
  class space    used 6161K, committed 6848K, reserved 1048576K
}
Event: 84.103 GC heap after
{Heap after GC invocations=474 (full 3):
 PSYoungGen      total 2048K, used 320K [0x00000000d5580000, 0x00000000d5880000, 0x0000000100000000)
  eden space 1536K, 0% used [0x00000000d5580000,0x00000000d5580000,0x00000000d5700000)
  from space 512K, 62% used [0x00000000d5700000,0x00000000d5750000,0x00000000d5780000)
  to   space 512K, 0% used [0x00000000d5800000,0x00000000d5800000,0x00000000d5880000)
 ParOldGen       total 414208K, used 413917K [0x0000000080000000, 0x0000000099480000, 0x00000000d5580000)
  object space 414208K, 99% used [0x0000000080000000,0x00000000994374a0,0x0000000099480000)
 Metaspace       used 58789K, committed 60288K, reserved 1114112K
  class space    used 6161K, committed 6848K, reserved 1048576K
}
Event: 84.121 GC heap before
{Heap before GC invocations=475 (full 3):
 PSYoungGen      total 2048K, used 1845K [0x00000000d5580000, 0x00000000d5880000, 0x0000000100000000)
  eden space 1536K, 99% used [0x00000000d5580000,0x00000000d56fd5e0,0x00000000d5700000)
  from space 512K, 62% used [0x00000000d5700000,0x00000000d5750000,0x00000000d5780000)
  to   space 512K, 0% used [0x00000000d5800000,0x00000000d5800000,0x00000000d5880000)
 ParOldGen       total 414208K, used 413917K [0x0000000080000000, 0x0000000099480000, 0x00000000d5580000)
  object space 414208K, 99% used [0x0000000080000000,0x00000000994374a0,0x0000000099480000)
 Metaspace       used 58789K, committed 60288K, reserved 1114112K
  class space    used 6161K, committed 6848K, reserved 1048576K
}
Event: 84.126 GC heap after
{Heap after GC invocations=475 (full 3):
 PSYoungGen      total 2048K, used 320K [0x00000000d5580000, 0x00000000d5880000, 0x0000000100000000)
  eden space 1536K, 0% used [0x00000000d5580000,0x00000000d5580000,0x00000000d5700000)
  from space 512K, 62% used [0x00000000d5800000,0x00000000d5850000,0x00000000d5880000)
  to   space 512K, 0% used [0x00000000d5700000,0x00000000d5700000,0x00000000d5780000)
 ParOldGen       total 414208K, used 414162K [0x0000000080000000, 0x0000000099480000, 0x00000000d5580000)
  object space 414208K, 99% used [0x0000000080000000,0x0000000099474ab0,0x0000000099480000)
 Metaspace       used 58789K, committed 60288K, reserved 1114112K
  class space    used 6161K, committed 6848K, reserved 1048576K
}
Event: 84.179 GC heap before
{Heap before GC invocations=476 (full 3):
 PSYoungGen      total 2048K, used 1856K [0x00000000d5580000, 0x00000000d5880000, 0x0000000100000000)
  eden space 1536K, 100% used [0x00000000d5580000,0x00000000d5700000,0x00000000d5700000)
  from space 512K, 62% used [0x00000000d5800000,0x00000000d5850000,0x00000000d5880000)
  to   space 512K, 0% used [0x00000000d5700000,0x00000000d5700000,0x00000000d5780000)
 ParOldGen       total 414208K, used 414162K [0x0000000080000000, 0x0000000099480000, 0x00000000d5580000)
  object space 414208K, 99% used [0x0000000080000000,0x0000000099474ab0,0x0000000099480000)
 Metaspace       used 58789K, committed 60288K, reserved 1114112K
  class space    used 6161K, committed 6848K, reserved 1048576K
}
Event: 84.182 GC heap after
{Heap after GC invocations=476 (full 3):
 PSYoungGen      total 2048K, used 256K [0x00000000d5580000, 0x00000000d5880000, 0x0000000100000000)
  eden space 1536K, 0% used [0x00000000d5580000,0x00000000d5580000,0x00000000d5700000)
  from space 512K, 50% used [0x00000000d5700000,0x00000000d5740000,0x00000000d5780000)
  to   space 512K, 0% used [0x00000000d5800000,0x00000000d5800000,0x00000000d5880000)
 ParOldGen       total 414720K, used 414378K [0x0000000080000000, 0x0000000099500000, 0x00000000d5580000)
  object space 414720K, 99% used [0x0000000080000000,0x00000000994aaab0,0x0000000099500000)
 Metaspace       used 58789K, committed 60288K, reserved 1114112K
  class space    used 6161K, committed 6848K, reserved 1048576K
}
Event: 84.244 GC heap before
{Heap before GC invocations=477 (full 3):
 PSYoungGen      total 2048K, used 1792K [0x00000000d5580000, 0x00000000d5880000, 0x0000000100000000)
  eden space 1536K, 100% used [0x00000000d5580000,0x00000000d5700000,0x00000000d5700000)
  from space 512K, 50% used [0x00000000d5700000,0x00000000d5740000,0x00000000d5780000)
  to   space 512K, 0% used [0x00000000d5800000,0x00000000d5800000,0x00000000d5880000)
 ParOldGen       total 414720K, used 414378K [0x0000000080000000, 0x0000000099500000, 0x00000000d5580000)
  object space 414720K, 99% used [0x0000000080000000,0x00000000994aaab0,0x0000000099500000)
 Metaspace       used 58789K, committed 60288K, reserved 1114112K
  class space    used 6161K, committed 6848K, reserved 1048576K
}
Event: 84.247 GC heap after
{Heap after GC invocations=477 (full 3):
 PSYoungGen      total 2048K, used 320K [0x00000000d5580000, 0x00000000d5880000, 0x0000000100000000)
  eden space 1536K, 0% used [0x00000000d5580000,0x00000000d5580000,0x00000000d5700000)
  from space 512K, 62% used [0x00000000d5800000,0x00000000d5850000,0x00000000d5880000)
  to   space 512K, 0% used [0x00000000d5700000,0x00000000d5700000,0x00000000d5780000)
 ParOldGen       total 414720K, used 414578K [0x0000000080000000, 0x0000000099500000, 0x00000000d5580000)
  object space 414720K, 99% used [0x0000000080000000,0x00000000994dcab0,0x0000000099500000)
 Metaspace       used 58789K, committed 60288K, reserved 1114112K
  class space    used 6161K, committed 6848K, reserved 1048576K
}
Event: 84.264 GC heap before
{Heap before GC invocations=478 (full 3):
 PSYoungGen      total 2048K, used 1856K [0x00000000d5580000, 0x00000000d5880000, 0x0000000100000000)
  eden space 1536K, 100% used [0x00000000d5580000,0x00000000d5700000,0x00000000d5700000)
  from space 512K, 62% used [0x00000000d5800000,0x00000000d5850000,0x00000000d5880000)
  to   space 512K, 0% used [0x00000000d5700000,0x00000000d5700000,0x00000000d5780000)
 ParOldGen       total 414720K, used 414578K [0x0000000080000000, 0x0000000099500000, 0x00000000d5580000)
  object space 414720K, 99% used [0x0000000080000000,0x00000000994dcab0,0x0000000099500000)
 Metaspace       used 58789K, committed 60288K, reserved 1114112K
  class space    used 6161K, committed 6848K, reserved 1048576K
}
Event: 85.267 GC heap after
{Heap after GC invocations=478 (full 3):
 PSYoungGen      total 2048K, used 384K [0x00000000d5580000, 0x00000000d5880000, 0x0000000100000000)
  eden space 1536K, 0% used [0x00000000d5580000,0x00000000d5580000,0x00000000d5700000)
  from space 512K, 75% used [0x00000000d5700000,0x00000000d5760000,0x00000000d5780000)
  to   space 512K, 0% used [0x00000000d5800000,0x00000000d5800000,0x00000000d5880000)
 ParOldGen       total 415232K, used 414834K [0x0000000080000000, 0x0000000099580000, 0x00000000d5580000)
  object space 415232K, 99% used [0x0000000080000000,0x000000009951cab0,0x0000000099580000)
 Metaspace       used 58789K, committed 60288K, reserved 1114112K
  class space    used 6161K, committed 6848K, reserved 1048576K
}

