# JRE version: OpenJDK Runtime Environment Temurin-21.0.7+6 (21.0.7+6) (build 21.0.7+6-LTS)
# Java VM: OpenJDK 64-Bit Server VM Temurin-21.0.7+6 (21.0.7+6-LTS, mixed mode, sharing, tiered, compressed oops, compressed class ptrs, parallel gc, windows-amd64)
GC Precious Log:
 CardTable entry size: 512
 CPUs: 8 total, 8 available
 Memory: 7948M
 Large Page Support: Disabled
 NUMA Support: Disabled
 Compressed Oops: Enabled (32-bit)
 Alignments: Space 512K, Generation 512K, Heap 2M
 Heap Min Capacity: 100M
 Heap Initial Capacity: 100M
 Heap Max Capacity: 2G
 Pre-touch: Disabled
 Parallel Workers: 8
Heap:
 PSYoungGen      total 23552K, used 1849K [0x00000000d5580000, 0x00000000d7500000, 0x0000000100000000)
  eden space 21504K, 1% used [0x00000000d5580000,0x00000000d55c2340,0x00000000d6a80000)
  from space 2048K, 77% used [0x00000000d7300000,0x00000000d748c220,0x00000000d7500000)
  to   space 4096K, 0% used [0x00000000d6d00000,0x00000000d6d00000,0x00000000d7100000)
 ParOldGen       total 68608K, used 49568K [0x0000000080000000, 0x0000000084300000, 0x00000000d5580000)
  object space 68608K, 72% used [0x0000000080000000,0x0000000083068060,0x0000000084300000)
 Metaspace       used 50655K, committed 52032K, reserved 1114112K
  class space    used 5335K, committed 5952K, reserved 1048576K
GC Heap History (20 events):
Event: 25.831 GC heap before
{Heap before GC invocations=20 (full 2):
 PSYoungGen      total 24064K, used 23904K [0x00000000d5580000, 0x00000000d7000000, 0x0000000100000000)
  eden space 22016K, 100% used [0x00000000d5580000,0x00000000d6b00000,0x00000000d6b00000)
  from space 2048K, 92% used [0x00000000d6c80000,0x00000000d6e58010,0x00000000d6e80000)
  to   space 1536K, 0% used [0x00000000d6e80000,0x00000000d6e80000,0x00000000d7000000)
 ParOldGen       total 68608K, used 22576K [0x0000000080000000, 0x0000000084300000, 0x00000000d5580000)
  object space 68608K, 32% used [0x0000000080000000,0x000000008160c0c0,0x0000000084300000)
 Metaspace       used 43711K, committed 44928K, reserved 1114112K
  class space    used 4596K, committed 5120K, reserved 1048576K
}
Event: 25.837 GC heap after
{Heap after GC invocations=20 (full 2):
 PSYoungGen      total 23040K, used 1506K [0x00000000d5580000, 0x00000000d7300000, 0x0000000100000000)
  eden space 21504K, 0% used [0x00000000d5580000,0x00000000d5580000,0x00000000d6a80000)
  from space 1536K, 98% used [0x00000000d6e80000,0x00000000d6ff8810,0x00000000d7000000)
  to   space 4096K, 0% used [0x00000000d6a80000,0x00000000d6a80000,0x00000000d6e80000)
 ParOldGen       total 68608K, used 24716K [0x0000000080000000, 0x0000000084300000, 0x00000000d5580000)
  object space 68608K, 36% used [0x0000000080000000,0x00000000818230f0,0x0000000084300000)
 Metaspace       used 43711K, committed 44928K, reserved 1114112K
  class space    used 4596K, committed 5120K, reserved 1048576K
}
Event: 26.007 GC heap before
{Heap before GC invocations=21 (full 2):
 PSYoungGen      total 23040K, used 23010K [0x00000000d5580000, 0x00000000d7300000, 0x0000000100000000)
  eden space 21504K, 100% used [0x00000000d5580000,0x00000000d6a80000,0x00000000d6a80000)
  from space 1536K, 98% used [0x00000000d6e80000,0x00000000d6ff8810,0x00000000d7000000)
  to   space 4096K, 0% used [0x00000000d6a80000,0x00000000d6a80000,0x00000000d6e80000)
 ParOldGen       total 68608K, used 24716K [0x0000000080000000, 0x0000000084300000, 0x00000000d5580000)
  object space 68608K, 36% used [0x0000000080000000,0x00000000818230f0,0x0000000084300000)
 Metaspace       used 43901K, committed 45120K, reserved 1114112K
  class space    used 4615K, committed 5120K, reserved 1048576K
}
Event: 26.015 GC heap after
{Heap after GC invocations=21 (full 2):
 PSYoungGen      total 24064K, used 2080K [0x00000000d5580000, 0x00000000d7080000, 0x0000000100000000)
  eden space 21504K, 0% used [0x00000000d5580000,0x00000000d5580000,0x00000000d6a80000)
  from space 2560K, 81% used [0x00000000d6a80000,0x00000000d6c88010,0x00000000d6d00000)
  to   space 3072K, 0% used [0x00000000d6d80000,0x00000000d6d80000,0x00000000d7080000)
 ParOldGen       total 68608K, used 26218K [0x0000000080000000, 0x0000000084300000, 0x00000000d5580000)
  object space 68608K, 38% used [0x0000000080000000,0x000000008199aa68,0x0000000084300000)
 Metaspace       used 43901K, committed 45120K, reserved 1114112K
  class space    used 4615K, committed 5120K, reserved 1048576K
}
Event: 26.892 GC heap before
{Heap before GC invocations=22 (full 2):
 PSYoungGen      total 24064K, used 23584K [0x00000000d5580000, 0x00000000d7080000, 0x0000000100000000)
  eden space 21504K, 100% used [0x00000000d5580000,0x00000000d6a80000,0x00000000d6a80000)
  from space 2560K, 81% used [0x00000000d6a80000,0x00000000d6c88010,0x00000000d6d00000)
  to   space 3072K, 0% used [0x00000000d6d80000,0x00000000d6d80000,0x00000000d7080000)
 ParOldGen       total 68608K, used 26218K [0x0000000080000000, 0x0000000084300000, 0x00000000d5580000)
  object space 68608K, 38% used [0x0000000080000000,0x000000008199aa68,0x0000000084300000)
 Metaspace       used 44510K, committed 45760K, reserved 1114112K
  class space    used 4706K, committed 5312K, reserved 1048576K
}
Event: 26.899 GC heap after
{Heap after GC invocations=22 (full 2):
 PSYoungGen      total 23552K, used 2048K [0x00000000d5580000, 0x00000000d6f80000, 0x0000000100000000)
  eden space 21504K, 0% used [0x00000000d5580000,0x00000000d5580000,0x00000000d6a80000)
  from space 2048K, 100% used [0x00000000d6d80000,0x00000000d6f80000,0x00000000d6f80000)
  to   space 2560K, 0% used [0x00000000d6a80000,0x00000000d6a80000,0x00000000d6d00000)
 ParOldGen       total 68608K, used 28194K [0x0000000080000000, 0x0000000084300000, 0x00000000d5580000)
  object space 68608K, 41% used [0x0000000080000000,0x0000000081b88a78,0x0000000084300000)
 Metaspace       used 44510K, committed 45760K, reserved 1114112K
  class space    used 4706K, committed 5312K, reserved 1048576K
}
Event: 27.526 GC heap before
{Heap before GC invocations=23 (full 2):
 PSYoungGen      total 23552K, used 23552K [0x00000000d5580000, 0x00000000d6f80000, 0x0000000100000000)
  eden space 21504K, 100% used [0x00000000d5580000,0x00000000d6a80000,0x00000000d6a80000)
  from space 2048K, 100% used [0x00000000d6d80000,0x00000000d6f80000,0x00000000d6f80000)
  to   space 2560K, 0% used [0x00000000d6a80000,0x00000000d6a80000,0x00000000d6d00000)
 ParOldGen       total 68608K, used 28194K [0x0000000080000000, 0x0000000084300000, 0x00000000d5580000)
  object space 68608K, 41% used [0x0000000080000000,0x0000000081b88a78,0x0000000084300000)
 Metaspace       used 45104K, committed 46336K, reserved 1114112K
  class space    used 4790K, committed 5376K, reserved 1048576K
}
Event: 27.532 GC heap after
{Heap after GC invocations=23 (full 2):
 PSYoungGen      total 24064K, used 2148K [0x00000000d5580000, 0x00000000d6f80000, 0x0000000100000000)
  eden space 21504K, 0% used [0x00000000d5580000,0x00000000d5580000,0x00000000d6a80000)
  from space 2560K, 83% used [0x00000000d6a80000,0x00000000d6c99000,0x00000000d6d00000)
  to   space 2560K, 0% used [0x00000000d6d00000,0x00000000d6d00000,0x00000000d6f80000)
 ParOldGen       total 68608K, used 30049K [0x0000000080000000, 0x0000000084300000, 0x00000000d5580000)
  object space 68608K, 43% used [0x0000000080000000,0x0000000081d58428,0x0000000084300000)
 Metaspace       used 45104K, committed 46336K, reserved 1114112K
  class space    used 4790K, committed 5376K, reserved 1048576K
}
Event: 29.194 GC heap before
{Heap before GC invocations=24 (full 2):
 PSYoungGen      total 24064K, used 23652K [0x00000000d5580000, 0x00000000d6f80000, 0x0000000100000000)
  eden space 21504K, 100% used [0x00000000d5580000,0x00000000d6a80000,0x00000000d6a80000)
  from space 2560K, 83% used [0x00000000d6a80000,0x00000000d6c99000,0x00000000d6d00000)
  to   space 2560K, 0% used [0x00000000d6d00000,0x00000000d6d00000,0x00000000d6f80000)
 ParOldGen       total 68608K, used 30049K [0x0000000080000000, 0x0000000084300000, 0x00000000d5580000)
  object space 68608K, 43% used [0x0000000080000000,0x0000000081d58428,0x0000000084300000)
 Metaspace       used 45949K, committed 47168K, reserved 1114112K
  class space    used 4885K, committed 5440K, reserved 1048576K
}
Event: 29.201 GC heap after
{Heap after GC invocations=24 (full 2):
 PSYoungGen      total 24064K, used 2112K [0x00000000d5580000, 0x00000000d6f80000, 0x0000000100000000)
  eden space 21504K, 0% used [0x00000000d5580000,0x00000000d5580000,0x00000000d6a80000)
  from space 2560K, 82% used [0x00000000d6d00000,0x00000000d6f10010,0x00000000d6f80000)
  to   space 2560K, 0% used [0x00000000d6a80000,0x00000000d6a80000,0x00000000d6d00000)
 ParOldGen       total 68608K, used 32033K [0x0000000080000000, 0x0000000084300000, 0x00000000d5580000)
  object space 68608K, 46% used [0x0000000080000000,0x0000000081f48528,0x0000000084300000)
 Metaspace       used 45949K, committed 47168K, reserved 1114112K
  class space    used 4885K, committed 5440K, reserved 1048576K
}
Event: 30.360 GC heap before
{Heap before GC invocations=25 (full 2):
 PSYoungGen      total 24064K, used 23616K [0x00000000d5580000, 0x00000000d6f80000, 0x0000000100000000)
  eden space 21504K, 100% used [0x00000000d5580000,0x00000000d6a80000,0x00000000d6a80000)
  from space 2560K, 82% used [0x00000000d6d00000,0x00000000d6f10010,0x00000000d6f80000)
  to   space 2560K, 0% used [0x00000000d6a80000,0x00000000d6a80000,0x00000000d6d00000)
 ParOldGen       total 68608K, used 32033K [0x0000000080000000, 0x0000000084300000, 0x00000000d5580000)
  object space 68608K, 46% used [0x0000000080000000,0x0000000081f48528,0x0000000084300000)
 Metaspace       used 46450K, committed 47680K, reserved 1114112K
  class space    used 4943K, committed 5504K, reserved 1048576K
}
Event: 30.370 GC heap after
{Heap after GC invocations=25 (full 2):
 PSYoungGen      total 23552K, used 1721K [0x00000000d5580000, 0x00000000d6e80000, 0x0000000100000000)
  eden space 21504K, 0% used [0x00000000d5580000,0x00000000d5580000,0x00000000d6a80000)
  from space 2048K, 84% used [0x00000000d6a80000,0x00000000d6c2e580,0x00000000d6c80000)
  to   space 2048K, 0% used [0x00000000d6c80000,0x00000000d6c80000,0x00000000d6e80000)
 ParOldGen       total 68608K, used 33961K [0x0000000080000000, 0x0000000084300000, 0x00000000d5580000)
  object space 68608K, 49% used [0x0000000080000000,0x000000008212a538,0x0000000084300000)
 Metaspace       used 46450K, committed 47680K, reserved 1114112K
  class space    used 4943K, committed 5504K, reserved 1048576K
}
Event: 31.045 GC heap before
{Heap before GC invocations=26 (full 2):
 PSYoungGen      total 23552K, used 23225K [0x00000000d5580000, 0x00000000d6e80000, 0x0000000100000000)
  eden space 21504K, 100% used [0x00000000d5580000,0x00000000d6a80000,0x00000000d6a80000)
  from space 2048K, 84% used [0x00000000d6a80000,0x00000000d6c2e580,0x00000000d6c80000)
  to   space 2048K, 0% used [0x00000000d6c80000,0x00000000d6c80000,0x00000000d6e80000)
 ParOldGen       total 68608K, used 33961K [0x0000000080000000, 0x0000000084300000, 0x00000000d5580000)
  object space 68608K, 49% used [0x0000000080000000,0x000000008212a538,0x0000000084300000)
 Metaspace       used 46804K, committed 48128K, reserved 1114112K
  class space    used 4967K, committed 5568K, reserved 1048576K
}
Event: 31.050 GC heap after
{Heap after GC invocations=26 (full 2):
 PSYoungGen      total 23552K, used 1957K [0x00000000d5580000, 0x00000000d6e80000, 0x0000000100000000)
  eden space 21504K, 0% used [0x00000000d5580000,0x00000000d5580000,0x00000000d6a80000)
  from space 2048K, 95% used [0x00000000d6c80000,0x00000000d6e69460,0x00000000d6e80000)
  to   space 2048K, 0% used [0x00000000d6a80000,0x00000000d6a80000,0x00000000d6c80000)
 ParOldGen       total 68608K, used 35583K [0x0000000080000000, 0x0000000084300000, 0x00000000d5580000)
  object space 68608K, 51% used [0x0000000080000000,0x00000000822bfcc8,0x0000000084300000)
 Metaspace       used 46804K, committed 48128K, reserved 1114112K
  class space    used 4967K, committed 5568K, reserved 1048576K
}
Event: 32.335 GC heap before
{Heap before GC invocations=27 (full 2):
 PSYoungGen      total 23552K, used 23461K [0x00000000d5580000, 0x00000000d6e80000, 0x0000000100000000)
  eden space 21504K, 100% used [0x00000000d5580000,0x00000000d6a80000,0x00000000d6a80000)
  from space 2048K, 95% used [0x00000000d6c80000,0x00000000d6e69460,0x00000000d6e80000)
  to   space 2048K, 0% used [0x00000000d6a80000,0x00000000d6a80000,0x00000000d6c80000)
 ParOldGen       total 68608K, used 35583K [0x0000000080000000, 0x0000000084300000, 0x00000000d5580000)
  object space 68608K, 51% used [0x0000000080000000,0x00000000822bfcc8,0x0000000084300000)
 Metaspace       used 47143K, committed 48448K, reserved 1114112K
  class space    used 4997K, committed 5632K, reserved 1048576K
}
Event: 32.350 GC heap after
{Heap after GC invocations=27 (full 2):
 PSYoungGen      total 23552K, used 2040K [0x00000000d5580000, 0x00000000d7980000, 0x0000000100000000)
  eden space 21504K, 0% used [0x00000000d5580000,0x00000000d5580000,0x00000000d6a80000)
  from space 2048K, 99% used [0x00000000d6a80000,0x00000000d6c7e390,0x00000000d6c80000)
  to   space 7680K, 0% used [0x00000000d7200000,0x00000000d7200000,0x00000000d7980000)
 ParOldGen       total 68608K, used 40282K [0x0000000080000000, 0x0000000084300000, 0x00000000d5580000)
  object space 68608K, 58% used [0x0000000080000000,0x00000000827569b0,0x0000000084300000)
 Metaspace       used 47143K, committed 48448K, reserved 1114112K
  class space    used 4997K, committed 5632K, reserved 1048576K
}
Event: 33.165 GC heap before
{Heap before GC invocations=28 (full 2):
 PSYoungGen      total 23552K, used 23544K [0x00000000d5580000, 0x00000000d7980000, 0x0000000100000000)
  eden space 21504K, 100% used [0x00000000d5580000,0x00000000d6a80000,0x00000000d6a80000)
  from space 2048K, 99% used [0x00000000d6a80000,0x00000000d6c7e390,0x00000000d6c80000)
  to   space 7680K, 0% used [0x00000000d7200000,0x00000000d7200000,0x00000000d7980000)
 ParOldGen       total 68608K, used 40282K [0x0000000080000000, 0x0000000084300000, 0x00000000d5580000)
  object space 68608K, 58% used [0x0000000080000000,0x00000000827569b0,0x0000000084300000)
 Metaspace       used 47706K, committed 49024K, reserved 1114112K
  class space    used 5046K, committed 5632K, reserved 1048576K
}
Event: 33.174 GC heap after
{Heap after GC invocations=28 (full 2):
 PSYoungGen      total 23040K, used 1312K [0x00000000d5580000, 0x00000000d7380000, 0x0000000100000000)
  eden space 21504K, 0% used [0x00000000d5580000,0x00000000d5580000,0x00000000d6a80000)
  from space 1536K, 85% used [0x00000000d7200000,0x00000000d7348000,0x00000000d7380000)
  to   space 3584K, 0% used [0x00000000d6c80000,0x00000000d6c80000,0x00000000d7000000)
 ParOldGen       total 68608K, used 42339K [0x0000000080000000, 0x0000000084300000, 0x00000000d5580000)
  object space 68608K, 61% used [0x0000000080000000,0x0000000082958d40,0x0000000084300000)
 Metaspace       used 47706K, committed 49024K, reserved 1114112K
  class space    used 5046K, committed 5632K, reserved 1048576K
}
Event: 34.088 GC heap before
{Heap before GC invocations=29 (full 2):
 PSYoungGen      total 23040K, used 22765K [0x00000000d5580000, 0x00000000d7380000, 0x0000000100000000)
  eden space 21504K, 99% used [0x00000000d5580000,0x00000000d6a73678,0x00000000d6a80000)
  from space 1536K, 85% used [0x00000000d7200000,0x00000000d7348000,0x00000000d7380000)
  to   space 3584K, 0% used [0x00000000d6c80000,0x00000000d6c80000,0x00000000d7000000)
 ParOldGen       total 68608K, used 42339K [0x0000000080000000, 0x0000000084300000, 0x00000000d5580000)
  object space 68608K, 61% used [0x0000000080000000,0x0000000082958d40,0x0000000084300000)
 Metaspace       used 48246K, committed 49536K, reserved 1114112K
  class space    used 5093K, committed 5696K, reserved 1048576K
}
Event: 34.103 GC heap after
{Heap after GC invocations=29 (full 2):
 PSYoungGen      total 25088K, used 3572K [0x00000000d5580000, 0x00000000d7b80000, 0x0000000100000000)
  eden space 21504K, 0% used [0x00000000d5580000,0x00000000d5580000,0x00000000d6a80000)
  from space 3584K, 99% used [0x00000000d6c80000,0x00000000d6ffd310,0x00000000d7000000)
  to   space 8704K, 0% used [0x00000000d7300000,0x00000000d7300000,0x00000000d7b80000)
 ParOldGen       total 68608K, used 46003K [0x0000000080000000, 0x0000000084300000, 0x00000000d5580000)
  object space 68608K, 67% used [0x0000000080000000,0x0000000082cecd40,0x0000000084300000)
 Metaspace       used 48246K, committed 49536K, reserved 1114112K
  class space    used 5093K, committed 5696K, reserved 1048576K
}

