# JRE version: OpenJDK Runtime Environment Temurin-21.0.7+6 (21.0.7+6) (build 21.0.7+6-LTS)
# Java VM: OpenJDK 64-Bit Server VM Temurin-21.0.7+6 (21.0.7+6-LTS, mixed mode, sharing, tiered, compressed oops, compressed class ptrs, parallel gc, windows-amd64)
GC Precious Log:
 CardTable entry size: 512
 CPUs: 8 total, 8 available
 Memory: 7948M
 Large Page Support: Disabled
 NUMA Support: Disabled
 Compressed Oops: Enabled (32-bit)
 Alignments: Space 512K, Generation 512K, Heap 2M
 Heap Min Capacity: 100M
 Heap Initial Capacity: 100M
 Heap Max Capacity: 2G
 Pre-touch: Disabled
 Parallel Workers: 8
Heap:
 PSYoungGen      total 3584K, used 630K [0x00000000d5580000, 0x00000000d5a00000, 0x0000000100000000)
  eden space 2560K, 7% used [0x00000000d5580000,0x00000000d55adbb8,0x00000000d5800000)
  from space 1024K, 43% used [0x00000000d5900000,0x00000000d5970000,0x00000000d5a00000)
  to   space 1024K, 0% used [0x00000000d5800000,0x00000000d5800000,0x00000000d5900000)
 ParOldGen       total 462848K, used 462537K [0x0000000080000000, 0x000000009c400000, 0x00000000d5580000)
  object space 462848K, 99% used [0x0000000080000000,0x000000009c3b2488,0x000000009c400000)
 Metaspace       used 67091K, committed 68672K, reserved 1114112K
  class space    used 7095K, committed 7808K, reserved 1048576K
GC Heap History (20 events):
Event: 119.066 GC heap before
{Heap before GC invocations=657 (full 3):
 PSYoungGen      total 1536K, used 732K [0x00000000d5580000, 0x00000000d5780000, 0x0000000100000000)
  eden space 512K, 99% used [0x00000000d5580000,0x00000000d55ff178,0x00000000d5600000)
  from space 1024K, 21% used [0x00000000d5600000,0x00000000d5638000,0x00000000d5700000)
  to   space 512K, 0% used [0x00000000d5700000,0x00000000d5700000,0x00000000d5780000)
 ParOldGen       total 459264K, used 458926K [0x0000000080000000, 0x000000009c080000, 0x00000000d5580000)
  object space 459264K, 99% used [0x0000000080000000,0x000000009c02ba68,0x000000009c080000)
 Metaspace       used 67091K, committed 68672K, reserved 1114112K
  class space    used 7095K, committed 7808K, reserved 1048576K
}
Event: 119.069 GC heap after
{Heap after GC invocations=657 (full 3):
 PSYoungGen      total 1536K, used 224K [0x00000000d5580000, 0x00000000d5780000, 0x0000000100000000)
  eden space 1024K, 0% used [0x00000000d5580000,0x00000000d5580000,0x00000000d5680000)
  from space 512K, 43% used [0x00000000d5700000,0x00000000d5738000,0x00000000d5780000)
  to   space 512K, 0% used [0x00000000d5680000,0x00000000d5680000,0x00000000d5700000)
 ParOldGen       total 459264K, used 459030K [0x0000000080000000, 0x000000009c080000, 0x00000000d5580000)
  object space 459264K, 99% used [0x0000000080000000,0x000000009c045a68,0x000000009c080000)
 Metaspace       used 67091K, committed 68672K, reserved 1114112K
  class space    used 7095K, committed 7808K, reserved 1048576K
}
Event: 119.104 GC heap before
{Heap before GC invocations=658 (full 3):
 PSYoungGen      total 1536K, used 1248K [0x00000000d5580000, 0x00000000d5780000, 0x0000000100000000)
  eden space 1024K, 100% used [0x00000000d5580000,0x00000000d5680000,0x00000000d5680000)
  from space 512K, 43% used [0x00000000d5700000,0x00000000d5738000,0x00000000d5780000)
  to   space 512K, 0% used [0x00000000d5680000,0x00000000d5680000,0x00000000d5700000)
 ParOldGen       total 459264K, used 459030K [0x0000000080000000, 0x000000009c080000, 0x00000000d5580000)
  object space 459264K, 99% used [0x0000000080000000,0x000000009c045a68,0x000000009c080000)
 Metaspace       used 67091K, committed 68672K, reserved 1114112K
  class space    used 7095K, committed 7808K, reserved 1048576K
}
Event: 119.108 GC heap after
{Heap after GC invocations=658 (full 3):
 PSYoungGen      total 1536K, used 288K [0x00000000d5580000, 0x00000000d5780000, 0x0000000100000000)
  eden space 1024K, 0% used [0x00000000d5580000,0x00000000d5580000,0x00000000d5680000)
  from space 512K, 56% used [0x00000000d5680000,0x00000000d56c8000,0x00000000d5700000)
  to   space 512K, 0% used [0x00000000d5700000,0x00000000d5700000,0x00000000d5780000)
 ParOldGen       total 459264K, used 459150K [0x0000000080000000, 0x000000009c080000, 0x00000000d5580000)
  object space 459264K, 99% used [0x0000000080000000,0x000000009c063a68,0x000000009c080000)
 Metaspace       used 67091K, committed 68672K, reserved 1114112K
  class space    used 7095K, committed 7808K, reserved 1048576K
}
Event: 119.123 GC heap before
{Heap before GC invocations=659 (full 3):
 PSYoungGen      total 1536K, used 1303K [0x00000000d5580000, 0x00000000d5780000, 0x0000000100000000)
  eden space 1024K, 99% used [0x00000000d5580000,0x00000000d567dfb8,0x00000000d5680000)
  from space 512K, 56% used [0x00000000d5680000,0x00000000d56c8000,0x00000000d5700000)
  to   space 512K, 0% used [0x00000000d5700000,0x00000000d5700000,0x00000000d5780000)
 ParOldGen       total 459264K, used 459150K [0x0000000080000000, 0x000000009c080000, 0x00000000d5580000)
  object space 459264K, 99% used [0x0000000080000000,0x000000009c063a68,0x000000009c080000)
 Metaspace       used 67091K, committed 68672K, reserved 1114112K
  class space    used 7095K, committed 7808K, reserved 1048576K
}
Event: 119.129 GC heap after
{Heap after GC invocations=659 (full 3):
 PSYoungGen      total 1536K, used 224K [0x00000000d5580000, 0x00000000d5780000, 0x0000000100000000)
  eden space 1024K, 0% used [0x00000000d5580000,0x00000000d5580000,0x00000000d5680000)
  from space 512K, 43% used [0x00000000d5700000,0x00000000d5738000,0x00000000d5780000)
  to   space 512K, 0% used [0x00000000d5680000,0x00000000d5680000,0x00000000d5700000)
 ParOldGen       total 459776K, used 459316K [0x0000000080000000, 0x000000009c100000, 0x00000000d5580000)
  object space 459776K, 99% used [0x0000000080000000,0x000000009c08d070,0x000000009c100000)
 Metaspace       used 67091K, committed 68672K, reserved 1114112K
  class space    used 7095K, committed 7808K, reserved 1048576K
}
Event: 119.144 GC heap before
{Heap before GC invocations=660 (full 3):
 PSYoungGen      total 1536K, used 1248K [0x00000000d5580000, 0x00000000d5780000, 0x0000000100000000)
  eden space 1024K, 100% used [0x00000000d5580000,0x00000000d5680000,0x00000000d5680000)
  from space 512K, 43% used [0x00000000d5700000,0x00000000d5738000,0x00000000d5780000)
  to   space 512K, 0% used [0x00000000d5680000,0x00000000d5680000,0x00000000d5700000)
 ParOldGen       total 459776K, used 459316K [0x0000000080000000, 0x000000009c100000, 0x00000000d5580000)
  object space 459776K, 99% used [0x0000000080000000,0x000000009c08d070,0x000000009c100000)
 Metaspace       used 67091K, committed 68672K, reserved 1114112K
  class space    used 7095K, committed 7808K, reserved 1048576K
}
Event: 119.148 GC heap after
{Heap after GC invocations=660 (full 3):
 PSYoungGen      total 1536K, used 224K [0x00000000d5580000, 0x00000000d5780000, 0x0000000100000000)
  eden space 1024K, 0% used [0x00000000d5580000,0x00000000d5580000,0x00000000d5680000)
  from space 512K, 43% used [0x00000000d5680000,0x00000000d56b8000,0x00000000d5700000)
  to   space 512K, 0% used [0x00000000d5700000,0x00000000d5700000,0x00000000d5780000)
 ParOldGen       total 459776K, used 459468K [0x0000000080000000, 0x000000009c100000, 0x00000000d5580000)
  object space 459776K, 99% used [0x0000000080000000,0x000000009c0b3070,0x000000009c100000)
 Metaspace       used 67091K, committed 68672K, reserved 1114112K
  class space    used 7095K, committed 7808K, reserved 1048576K
}
Event: 119.158 GC heap before
{Heap before GC invocations=661 (full 3):
 PSYoungGen      total 1536K, used 1242K [0x00000000d5580000, 0x00000000d5780000, 0x0000000100000000)
  eden space 1024K, 99% used [0x00000000d5580000,0x00000000d567e838,0x00000000d5680000)
  from space 512K, 43% used [0x00000000d5680000,0x00000000d56b8000,0x00000000d5700000)
  to   space 512K, 0% used [0x00000000d5700000,0x00000000d5700000,0x00000000d5780000)
 ParOldGen       total 459776K, used 459468K [0x0000000080000000, 0x000000009c100000, 0x00000000d5580000)
  object space 459776K, 99% used [0x0000000080000000,0x000000009c0b3070,0x000000009c100000)
 Metaspace       used 67091K, committed 68672K, reserved 1114112K
  class space    used 7095K, committed 7808K, reserved 1048576K
}
Event: 119.161 GC heap after
{Heap after GC invocations=661 (full 3):
 PSYoungGen      total 1536K, used 219K [0x00000000d5580000, 0x00000000d5780000, 0x0000000100000000)
  eden space 1024K, 0% used [0x00000000d5580000,0x00000000d5580000,0x00000000d5680000)
  from space 512K, 42% used [0x00000000d5700000,0x00000000d5736c08,0x00000000d5780000)
  to   space 512K, 0% used [0x00000000d5680000,0x00000000d5680000,0x00000000d5700000)
 ParOldGen       total 459776K, used 459636K [0x0000000080000000, 0x000000009c100000, 0x00000000d5580000)
  object space 459776K, 99% used [0x0000000080000000,0x000000009c0dd070,0x000000009c100000)
 Metaspace       used 67091K, committed 68672K, reserved 1114112K
  class space    used 7095K, committed 7808K, reserved 1048576K
}
Event: 119.172 GC heap before
{Heap before GC invocations=662 (full 3):
 PSYoungGen      total 1536K, used 1242K [0x00000000d5580000, 0x00000000d5780000, 0x0000000100000000)
  eden space 1024K, 99% used [0x00000000d5580000,0x00000000d567fd20,0x00000000d5680000)
  from space 512K, 42% used [0x00000000d5700000,0x00000000d5736c08,0x00000000d5780000)
  to   space 512K, 0% used [0x00000000d5680000,0x00000000d5680000,0x00000000d5700000)
 ParOldGen       total 459776K, used 459636K [0x0000000080000000, 0x000000009c100000, 0x00000000d5580000)
  object space 459776K, 99% used [0x0000000080000000,0x000000009c0dd070,0x000000009c100000)
 Metaspace       used 67091K, committed 68672K, reserved 1114112K
  class space    used 7095K, committed 7808K, reserved 1048576K
}
Event: 119.175 GC heap after
{Heap after GC invocations=662 (full 3):
 PSYoungGen      total 1536K, used 192K [0x00000000d5580000, 0x00000000d5780000, 0x0000000100000000)
  eden space 1024K, 0% used [0x00000000d5580000,0x00000000d5580000,0x00000000d5680000)
  from space 512K, 37% used [0x00000000d5680000,0x00000000d56b0000,0x00000000d5700000)
  to   space 512K, 0% used [0x00000000d5700000,0x00000000d5700000,0x00000000d5780000)
 ParOldGen       total 459776K, used 459775K [0x0000000080000000, 0x000000009c100000, 0x00000000d5580000)
  object space 459776K, 99% used [0x0000000080000000,0x000000009c0ffc78,0x000000009c100000)
 Metaspace       used 67091K, committed 68672K, reserved 1114112K
  class space    used 7095K, committed 7808K, reserved 1048576K
}
Event: 119.183 GC heap before
{Heap before GC invocations=663 (full 3):
 PSYoungGen      total 1536K, used 1200K [0x00000000d5580000, 0x00000000d5780000, 0x0000000100000000)
  eden space 1024K, 98% used [0x00000000d5580000,0x00000000d567c328,0x00000000d5680000)
  from space 512K, 37% used [0x00000000d5680000,0x00000000d56b0000,0x00000000d5700000)
  to   space 512K, 0% used [0x00000000d5700000,0x00000000d5700000,0x00000000d5780000)
 ParOldGen       total 459776K, used 459775K [0x0000000080000000, 0x000000009c100000, 0x00000000d5580000)
  object space 459776K, 99% used [0x0000000080000000,0x000000009c0ffc78,0x000000009c100000)
 Metaspace       used 67091K, committed 68672K, reserved 1114112K
  class space    used 7095K, committed 7808K, reserved 1048576K
}
Event: 120.188 GC heap after
{Heap after GC invocations=663 (full 3):
 PSYoungGen      total 1536K, used 224K [0x00000000d5580000, 0x00000000d5800000, 0x0000000100000000)
  eden space 1024K, 0% used [0x00000000d5580000,0x00000000d5580000,0x00000000d5680000)
  from space 512K, 43% used [0x00000000d5700000,0x00000000d5738000,0x00000000d5780000)
  to   space 512K, 0% used [0x00000000d5680000,0x00000000d5680000,0x00000000d5700000)
 ParOldGen       total 460288K, used 459927K [0x0000000080000000, 0x000000009c180000, 0x00000000d5580000)
  object space 460288K, 99% used [0x0000000080000000,0x000000009c125c78,0x000000009c180000)
 Metaspace       used 67091K, committed 68672K, reserved 1114112K
  class space    used 7095K, committed 7808K, reserved 1048576K
}
Event: 120.200 GC heap before
{Heap before GC invocations=664 (full 3):
 PSYoungGen      total 1536K, used 1247K [0x00000000d5580000, 0x00000000d5800000, 0x0000000100000000)
  eden space 1024K, 99% used [0x00000000d5580000,0x00000000d567ffa8,0x00000000d5680000)
  from space 512K, 43% used [0x00000000d5700000,0x00000000d5738000,0x00000000d5780000)
  to   space 512K, 0% used [0x00000000d5680000,0x00000000d5680000,0x00000000d5700000)
 ParOldGen       total 460288K, used 459927K [0x0000000080000000, 0x000000009c180000, 0x00000000d5580000)
  object space 460288K, 99% used [0x0000000080000000,0x000000009c125c78,0x000000009c180000)
 Metaspace       used 67091K, committed 68672K, reserved 1114112K
  class space    used 7095K, committed 7808K, reserved 1048576K
}
Event: 120.201 GC heap after
{Heap after GC invocations=664 (full 3):
 PSYoungGen      total 1536K, used 256K [0x00000000d5580000, 0x00000000d5800000, 0x0000000100000000)
  eden space 1024K, 0% used [0x00000000d5580000,0x00000000d5580000,0x00000000d5680000)
  from space 512K, 50% used [0x00000000d5680000,0x00000000d56c0000,0x00000000d5700000)
  to   space 512K, 0% used [0x00000000d5780000,0x00000000d5780000,0x00000000d5800000)
 ParOldGen       total 460288K, used 460071K [0x0000000080000000, 0x000000009c180000, 0x00000000d5580000)
  object space 460288K, 99% used [0x0000000080000000,0x000000009c149c78,0x000000009c180000)
 Metaspace       used 67091K, committed 68672K, reserved 1114112K
  class space    used 7095K, committed 7808K, reserved 1048576K
}
Event: 120.205 GC heap before
{Heap before GC invocations=665 (full 3):
 PSYoungGen      total 1536K, used 1280K [0x00000000d5580000, 0x00000000d5800000, 0x0000000100000000)
  eden space 1024K, 100% used [0x00000000d5580000,0x00000000d5680000,0x00000000d5680000)
  from space 512K, 50% used [0x00000000d5680000,0x00000000d56c0000,0x00000000d5700000)
  to   space 512K, 0% used [0x00000000d5780000,0x00000000d5780000,0x00000000d5800000)
 ParOldGen       total 460288K, used 460071K [0x0000000080000000, 0x000000009c180000, 0x00000000d5580000)
  object space 460288K, 99% used [0x0000000080000000,0x000000009c149c78,0x000000009c180000)
 Metaspace       used 67091K, committed 68672K, reserved 1114112K
  class space    used 7095K, committed 7808K, reserved 1048576K
}
Event: 120.206 GC heap after
{Heap after GC invocations=665 (full 3):
 PSYoungGen      total 2048K, used 288K [0x00000000d5580000, 0x00000000d5800000, 0x0000000100000000)
  eden space 1536K, 0% used [0x00000000d5580000,0x00000000d5580000,0x00000000d5700000)
  from space 512K, 56% used [0x00000000d5780000,0x00000000d57c8000,0x00000000d5800000)
  to   space 512K, 0% used [0x00000000d5700000,0x00000000d5700000,0x00000000d5780000)
 ParOldGen       total 460288K, used 460215K [0x0000000080000000, 0x000000009c180000, 0x00000000d5580000)
  object space 460288K, 99% used [0x0000000080000000,0x000000009c16dc78,0x000000009c180000)
 Metaspace       used 67091K, committed 68672K, reserved 1114112K
  class space    used 7095K, committed 7808K, reserved 1048576K
}
Event: 120.209 GC heap before
{Heap before GC invocations=666 (full 3):
 PSYoungGen      total 2048K, used 1824K [0x00000000d5580000, 0x00000000d5800000, 0x0000000100000000)
  eden space 1536K, 100% used [0x00000000d5580000,0x00000000d5700000,0x00000000d5700000)
  from space 512K, 56% used [0x00000000d5780000,0x00000000d57c8000,0x00000000d5800000)
  to   space 512K, 0% used [0x00000000d5700000,0x00000000d5700000,0x00000000d5780000)
 ParOldGen       total 460288K, used 460215K [0x0000000080000000, 0x000000009c180000, 0x00000000d5580000)
  object space 460288K, 99% used [0x0000000080000000,0x000000009c16dc78,0x000000009c180000)
 Metaspace       used 67091K, committed 68672K, reserved 1114112K
  class space    used 7095K, committed 7808K, reserved 1048576K
}
Event: 121.222 GC heap after
{Heap after GC invocations=666 (full 3):
 PSYoungGen      total 2048K, used 320K [0x00000000d5580000, 0x00000000d5880000, 0x0000000100000000)
  eden space 1536K, 0% used [0x00000000d5580000,0x00000000d5580000,0x00000000d5700000)
  from space 512K, 62% used [0x00000000d5700000,0x00000000d5750000,0x00000000d5780000)
  to   space 512K, 0% used [0x00000000d5800000,0x00000000d5800000,0x00000000d5880000)
 ParOldGen       total 460800K, used 460383K [0x0000000080000000, 0x000000009c200000, 0x00000000d5580000)
  object space 460800K, 99% used [0x0000000080000000,0x000000009c197c78,0x000000009c200000)
 Metaspace       used 67091K, committed 68672K, reserved 1114112K
  class space    used 7095K, committed 7808K, reserved 1048576K
}

